<?xml version="1.0" encoding="UTF-8"?><testsuite errors="10" failures="0" name="PD  tutorials" skipped="0" tests="10" time="14.44" timestamp="2017-12-361 12:37:34"><testcase name="(/products-and-docs/tutorials/) Verification for general page's elements"><error message="Could not instantiate class org.openqa.selenium.chrome.ChromeDriver" type="net.thucydides.core.webdriver.UnsupportedDriverException">Could not instantiate class org.openqa.selenium.chrome.ChromeDriver</error><system-err>Could not instantiate class org.openqa.selenium.chrome.ChromeDriver
com.tkmdpa.taf.steps.products_and_docs.PD_TutorialsSteps.openPage(PD_TutorialsSteps.java:16)
com.tkmdpa.taf.definitions.products_and_docs.PD_TutorialsDefinition.openTutorialsPage(PD_TutorialsDefinition.java:22)
</system-err></testcase><testcase name="(/products-and-docs/tutorials/) Verification for all the page's links"><error message="Could not instantiate class org.openqa.selenium.chrome.ChromeDriver" type="net.thucydides.core.webdriver.UnsupportedDriverException">Could not instantiate class org.openqa.selenium.chrome.ChromeDriver</error><system-err>Could not instantiate class org.openqa.selenium.chrome.ChromeDriver
com.tkmdpa.taf.steps.products_and_docs.PD_TutorialsSteps.openPage(PD_TutorialsSteps.java:16)
com.tkmdpa.taf.definitions.products_and_docs.PD_TutorialsDefinition.openTutorialsPage(PD_TutorialsDefinition.java:22)
</system-err></testcase></testsuite>