<?xml version="1.0" encoding="UTF-8"?><testsuite errors="21" failures="0" name="Event discovery widget" skipped="0" tests="21" time="33.0" timestamp="2017-12-361 12:39:40"><testcase name="(/products-and-docs/widgets/event-discovery/) TECHNICAL TAB - Check that required fields are not empty and have default values"><error message="Could not instantiate class org.openqa.selenium.chrome.ChromeDriver" type="net.thucydides.core.webdriver.UnsupportedDriverException">Could not instantiate class org.openqa.selenium.chrome.ChromeDriver</error><system-err>Could not instantiate class org.openqa.selenium.chrome.ChromeDriver
com.tkmdpa.taf.steps.products_and_docs.PD_Widget_EventDiscoverySteps.openPage(PD_Widget_EventDiscoverySteps.java:19)
com.tkmdpa.taf.definitions.products_and_docs.PD_Widget_EventDiscoveryDefinition.openEventDiscoveryWidgetPage(PD_Widget_EventDiscoveryDefinition.java:28)
</system-err></testcase><testcase name="(/products-and-docs/widgets/event-discovery/) TECHNICAL TAB - Check that embed code functionality works properly"><error message="Could not instantiate class org.openqa.selenium.chrome.ChromeDriver" type="net.thucydides.core.webdriver.UnsupportedDriverException">Could not instantiate class org.openqa.selenium.chrome.ChromeDriver</error><system-err>Could not instantiate class org.openqa.selenium.chrome.ChromeDriver
com.tkmdpa.taf.steps.products_and_docs.PD_Widget_EventDiscoverySteps.openPage(PD_Widget_EventDiscoverySteps.java:19)
com.tkmdpa.taf.definitions.products_and_docs.PD_Widget_EventDiscoveryDefinition.openEventDiscoveryWidgetPage(PD_Widget_EventDiscoveryDefinition.java:28)
</system-err></testcase><testcase name="(/products-and-docs/widgets/event-discovery/) TECHNICAL TAB - Check that KEYWORD field functionality works properly"><error message="Could not instantiate class org.openqa.selenium.chrome.ChromeDriver" type="net.thucydides.core.webdriver.UnsupportedDriverException">Could not instantiate class org.openqa.selenium.chrome.ChromeDriver</error><system-err>Could not instantiate class org.openqa.selenium.chrome.ChromeDriver
com.tkmdpa.taf.steps.products_and_docs.PD_Widget_EventDiscoverySteps.openPage(PD_Widget_EventDiscoverySteps.java:19)
com.tkmdpa.taf.definitions.products_and_docs.PD_Widget_EventDiscoveryDefinition.openEventDiscoveryWidgetPage(PD_Widget_EventDiscoveryDefinition.java:28)
</system-err></testcase><testcase name="(/products-and-docs/widgets/event-discovery/) TECHNICAL TAB - Check that EVENT COUNT works properly"><error message="Could not instantiate class org.openqa.selenium.chrome.ChromeDriver" type="net.thucydides.core.webdriver.UnsupportedDriverException">Could not instantiate class org.openqa.selenium.chrome.ChromeDriver</error><system-err>Could not instantiate class org.openqa.selenium.chrome.ChromeDriver
com.tkmdpa.taf.steps.products_and_docs.PD_Widget_EventDiscoverySteps.openPage(PD_Widget_EventDiscoverySteps.java:19)
com.tkmdpa.taf.definitions.products_and_docs.PD_Widget_EventDiscoveryDefinition.openEventDiscoveryWidgetPage(PD_Widget_EventDiscoveryDefinition.java:28)
</system-err></testcase><testcase name="(/products-and-docs/widgets/event-discovery/) TECHNICAL TAB - Check boundary values of EVENT COUNT"><error message="Could not instantiate class org.openqa.selenium.chrome.ChromeDriver" type="net.thucydides.core.webdriver.UnsupportedDriverException">Could not instantiate class org.openqa.selenium.chrome.ChromeDriver</error><system-err>Could not instantiate class org.openqa.selenium.chrome.ChromeDriver
com.tkmdpa.taf.steps.products_and_docs.PD_Widget_EventDiscoverySteps.openPage(PD_Widget_EventDiscoverySteps.java:19)
com.tkmdpa.taf.definitions.products_and_docs.PD_Widget_EventDiscoveryDefinition.openEventDiscoveryWidgetPage(PD_Widget_EventDiscoveryDefinition.java:28)
</system-err></testcase><testcase name="(/products-and-docs/widgets/event-discovery/) TECHNICAL TAB - Check boundary values of RADIUS"><error message="Could not instantiate class org.openqa.selenium.chrome.ChromeDriver" type="net.thucydides.core.webdriver.UnsupportedDriverException">Could not instantiate class org.openqa.selenium.chrome.ChromeDriver</error><system-err>Could not instantiate class org.openqa.selenium.chrome.ChromeDriver
com.tkmdpa.taf.steps.products_and_docs.PD_Widget_EventDiscoverySteps.openPage(PD_Widget_EventDiscoverySteps.java:19)
com.tkmdpa.taf.definitions.products_and_docs.PD_Widget_EventDiscoveryDefinition.openEventDiscoveryWidgetPage(PD_Widget_EventDiscoveryDefinition.java:28)
</system-err></testcase><testcase name="(/products-and-docs/widgets/event-discovery/) TECHNICAL TAB - Check that RESET button works properly"><error message="Could not instantiate class org.openqa.selenium.chrome.ChromeDriver" type="net.thucydides.core.webdriver.UnsupportedDriverException">Could not instantiate class org.openqa.selenium.chrome.ChromeDriver</error><system-err>Could not instantiate class org.openqa.selenium.chrome.ChromeDriver
com.tkmdpa.taf.steps.products_and_docs.PD_Widget_EventDiscoverySteps.openPage(PD_Widget_EventDiscoverySteps.java:19)
com.tkmdpa.taf.definitions.products_and_docs.PD_Widget_EventDiscoveryDefinition.openEventDiscoveryWidgetPage(PD_Widget_EventDiscoveryDefinition.java:28)
</system-err></testcase><testcase name="(/products-and-docs/widgets/event-discovery/) TECHNICAL TAB - Check links"><error message="Could not instantiate class org.openqa.selenium.chrome.ChromeDriver" type="net.thucydides.core.webdriver.UnsupportedDriverException">Could not instantiate class org.openqa.selenium.chrome.ChromeDriver</error><system-err>Could not instantiate class org.openqa.selenium.chrome.ChromeDriver
com.tkmdpa.taf.steps.products_and_docs.PD_Widget_EventDiscoverySteps.openPage(PD_Widget_EventDiscoverySteps.java:19)
com.tkmdpa.taf.definitions.products_and_docs.PD_Widget_EventDiscoveryDefinition.openEventDiscoveryWidgetPage(PD_Widget_EventDiscoveryDefinition.java:28)
</system-err></testcase><testcase name="(/products-and-docs/widgets/event-discovery/) VISUAL TAB - Check Layout Resolutions"><error message="Could not instantiate class org.openqa.selenium.chrome.ChromeDriver" type="net.thucydides.core.webdriver.UnsupportedDriverException">Could not instantiate class org.openqa.selenium.chrome.ChromeDriver</error><system-err>Could not instantiate class org.openqa.selenium.chrome.ChromeDriver
com.tkmdpa.taf.steps.products_and_docs.PD_Widget_EventDiscoverySteps.openPage(PD_Widget_EventDiscoverySteps.java:19)
com.tkmdpa.taf.definitions.products_and_docs.PD_Widget_EventDiscoveryDefinition.openEventDiscoveryWidgetPage(PD_Widget_EventDiscoveryDefinition.java:28)
</system-err></testcase><testcase name="(/products-and-docs/widgets/event-discovery/) VISUAL TAB - Check Layout Orientations"><error message="Could not instantiate class org.openqa.selenium.chrome.ChromeDriver" type="net.thucydides.core.webdriver.UnsupportedDriverException">Could not instantiate class org.openqa.selenium.chrome.ChromeDriver</error><system-err>Could not instantiate class org.openqa.selenium.chrome.ChromeDriver
com.tkmdpa.taf.steps.products_and_docs.PD_Widget_EventDiscoverySteps.openPage(PD_Widget_EventDiscoverySteps.java:19)
com.tkmdpa.taf.definitions.products_and_docs.PD_Widget_EventDiscoveryDefinition.openEventDiscoveryWidgetPage(PD_Widget_EventDiscoveryDefinition.java:28)
</system-err></testcase><testcase name="(/products-and-docs/widgets/event-discovery/) Event message - Check event message for invalid Keyword"><error message="Could not instantiate class org.openqa.selenium.chrome.ChromeDriver" type="net.thucydides.core.webdriver.UnsupportedDriverException">Could not instantiate class org.openqa.selenium.chrome.ChromeDriver</error><system-err>Could not instantiate class org.openqa.selenium.chrome.ChromeDriver
com.tkmdpa.taf.steps.products_and_docs.PD_Widget_EventDiscoverySteps.openPage(PD_Widget_EventDiscoverySteps.java:19)
com.tkmdpa.taf.definitions.products_and_docs.PD_Widget_EventDiscoveryDefinition.openEventDiscoveryWidgetPage(PD_Widget_EventDiscoveryDefinition.java:28)
</system-err></testcase></testsuite>