<?xml version="1.0" encoding="UTF-8"?><testsuite errors="13" failures="0" name="Home" skipped="0" tests="13" time="19.18" timestamp="2017-12-361 12:38:31"><testcase name="(/Home Page/) Verification for general page elements"><error message="Could not instantiate class org.openqa.selenium.chrome.ChromeDriver" type="net.thucydides.core.webdriver.UnsupportedDriverException">Could not instantiate class org.openqa.selenium.chrome.ChromeDriver</error><system-err>Could not instantiate class org.openqa.selenium.chrome.ChromeDriver
com.tkmdpa.taf.steps.site.HomePageSteps.openPage(HomePageSteps.java:16)
com.tkmdpa.taf.definitions.site.HomePageDefinition.openHomePage(HomePageDefinition.java:27)
</system-err></testcase><testcase name="(/Home Page/) Verification for twitter's list of events"><error message="Could not instantiate class org.openqa.selenium.chrome.ChromeDriver" type="net.thucydides.core.webdriver.UnsupportedDriverException">Could not instantiate class org.openqa.selenium.chrome.ChromeDriver</error><system-err>Could not instantiate class org.openqa.selenium.chrome.ChromeDriver
com.tkmdpa.taf.steps.site.HomePageSteps.openPage(HomePageSteps.java:16)
com.tkmdpa.taf.definitions.site.HomePageDefinition.openHomePage(HomePageDefinition.java:27)
</system-err></testcase><testcase name="(/Home Page/) Verification for all the page links"><error message="Could not instantiate class org.openqa.selenium.chrome.ChromeDriver" type="net.thucydides.core.webdriver.UnsupportedDriverException">Could not instantiate class org.openqa.selenium.chrome.ChromeDriver</error><system-err>Could not instantiate class org.openqa.selenium.chrome.ChromeDriver
com.tkmdpa.taf.steps.site.HomePageSteps.openPage(HomePageSteps.java:16)
com.tkmdpa.taf.definitions.site.HomePageDefinition.openHomePage(HomePageDefinition.java:27)
</system-err></testcase></testsuite>