<?xml version="1.0" encoding="UTF-8"?><testsuite errors="17" failures="0" name="Countdown widget" skipped="0" tests="17" time="25.8" timestamp="2017-12-361 12:39:14"><testcase name="(/products-and-docs/widgets/countdown/) [3.3.1 Countdown widget layout]"><error message="Could not instantiate class org.openqa.selenium.chrome.ChromeDriver" type="net.thucydides.core.webdriver.UnsupportedDriverException">Could not instantiate class org.openqa.selenium.chrome.ChromeDriver</error><system-err>Could not instantiate class org.openqa.selenium.chrome.ChromeDriver
com.tkmdpa.taf.steps.products_and_docs.PD_Widget_CountdownSteps.openPage(PD_Widget_CountdownSteps.java:20)
com.tkmdpa.taf.definitions.products_and_docs.PD_Widget_CountdownDefinition.openCountdownWidgetPage(PD_Widget_CountdownDefinition.java:17)
</system-err></testcase><testcase name="(/products-and-docs/widgets/countdown/) [3.3.2 Countdown widget "><error message="Could not instantiate class org.openqa.selenium.chrome.ChromeDriver" type="net.thucydides.core.webdriver.UnsupportedDriverException">Could not instantiate class org.openqa.selenium.chrome.ChromeDriver</error><system-err>Could not instantiate class org.openqa.selenium.chrome.ChromeDriver
com.tkmdpa.taf.steps.products_and_docs.PD_Widget_CountdownSteps.openPage(PD_Widget_CountdownSteps.java:20)
com.tkmdpa.taf.definitions.products_and_docs.PD_Widget_CountdownDefinition.openCountdownWidgetPage(PD_Widget_CountdownDefinition.java:17)
</system-err></testcase><testcase name="(/products-and-docs/widgets/countdown/) TECHNICAL TAB - Verification of default embed code"><error message="Could not instantiate class org.openqa.selenium.chrome.ChromeDriver" type="net.thucydides.core.webdriver.UnsupportedDriverException">Could not instantiate class org.openqa.selenium.chrome.ChromeDriver</error><system-err>Could not instantiate class org.openqa.selenium.chrome.ChromeDriver
com.tkmdpa.taf.steps.products_and_docs.PD_Widget_CountdownSteps.openPage(PD_Widget_CountdownSteps.java:20)
com.tkmdpa.taf.definitions.products_and_docs.PD_Widget_CountdownDefinition.openCountdownWidgetPage(PD_Widget_CountdownDefinition.java:17)
</system-err></testcase><testcase name="(/products-and-docs/widgets/countdown/) TECHNICAL TAB - Check that embed code functionality works properly"><error message="Could not instantiate class org.openqa.selenium.chrome.ChromeDriver" type="net.thucydides.core.webdriver.UnsupportedDriverException">Could not instantiate class org.openqa.selenium.chrome.ChromeDriver</error><system-err>Could not instantiate class org.openqa.selenium.chrome.ChromeDriver
com.tkmdpa.taf.steps.products_and_docs.PD_Widget_CountdownSteps.openPage(PD_Widget_CountdownSteps.java:20)
com.tkmdpa.taf.definitions.products_and_docs.PD_Widget_CountdownDefinition.openCountdownWidgetPage(PD_Widget_CountdownDefinition.java:17)
</system-err></testcase><testcase name="(/products-and-docs/widgets/countdown/) TECHNICAL TAB - Check RESET button functionality"><error message="Could not instantiate class org.openqa.selenium.chrome.ChromeDriver" type="net.thucydides.core.webdriver.UnsupportedDriverException">Could not instantiate class org.openqa.selenium.chrome.ChromeDriver</error><system-err>Could not instantiate class org.openqa.selenium.chrome.ChromeDriver
com.tkmdpa.taf.steps.products_and_docs.PD_Widget_CountdownSteps.openPage(PD_Widget_CountdownSteps.java:20)
com.tkmdpa.taf.definitions.products_and_docs.PD_Widget_CountdownDefinition.openCountdownWidgetPage(PD_Widget_CountdownDefinition.java:17)
</system-err></testcase><testcase name="(/products-and-docs/widgets/countdown/) TECHNICAL TAB - Check RESET button functionality on Embedded Code Pop-up window"><error message="Could not instantiate class org.openqa.selenium.chrome.ChromeDriver" type="net.thucydides.core.webdriver.UnsupportedDriverException">Could not instantiate class org.openqa.selenium.chrome.ChromeDriver</error><system-err>Could not instantiate class org.openqa.selenium.chrome.ChromeDriver
com.tkmdpa.taf.steps.products_and_docs.PD_Widget_CountdownSteps.openPage(PD_Widget_CountdownSteps.java:20)
com.tkmdpa.taf.definitions.products_and_docs.PD_Widget_CountdownDefinition.openCountdownWidgetPage(PD_Widget_CountdownDefinition.java:17)
</system-err></testcase><testcase name="(/products-and-docs/widgets/countdown/) TECHNICAL TAB - Get new EventId"><error message="Could not instantiate class org.openqa.selenium.chrome.ChromeDriver" type="net.thucydides.core.webdriver.UnsupportedDriverException">Could not instantiate class org.openqa.selenium.chrome.ChromeDriver</error><system-err>Could not instantiate class org.openqa.selenium.chrome.ChromeDriver
com.tkmdpa.taf.steps.products_and_docs.PD_Widget_CountdownSteps.openPage(PD_Widget_CountdownSteps.java:20)
com.tkmdpa.taf.definitions.products_and_docs.PD_Widget_CountdownDefinition.openCountdownWidgetPage(PD_Widget_CountdownDefinition.java:17)
</system-err></testcase><testcase name="(/products-and-docs/widgets/countdown/) TECHNICAL TAB - Check links"><error message="Could not instantiate class org.openqa.selenium.chrome.ChromeDriver" type="net.thucydides.core.webdriver.UnsupportedDriverException">Could not instantiate class org.openqa.selenium.chrome.ChromeDriver</error><system-err>Could not instantiate class org.openqa.selenium.chrome.ChromeDriver
com.tkmdpa.taf.steps.products_and_docs.PD_Widget_CountdownSteps.openPage(PD_Widget_CountdownSteps.java:20)
com.tkmdpa.taf.definitions.products_and_docs.PD_Widget_CountdownDefinition.openCountdownWidgetPage(PD_Widget_CountdownDefinition.java:17)
</system-err></testcase><testcase name="(/products-and-docs/widgets/countdown/) VISUAL TAB - Check Full-width mode"><error message="Could not instantiate class org.openqa.selenium.chrome.ChromeDriver" type="net.thucydides.core.webdriver.UnsupportedDriverException">Could not instantiate class org.openqa.selenium.chrome.ChromeDriver</error><system-err>Could not instantiate class org.openqa.selenium.chrome.ChromeDriver
com.tkmdpa.taf.steps.products_and_docs.PD_Widget_CountdownSteps.openPage(PD_Widget_CountdownSteps.java:20)
com.tkmdpa.taf.definitions.products_and_docs.PD_Widget_CountdownDefinition.openCountdownWidgetPage(PD_Widget_CountdownDefinition.java:17)
</system-err></testcase><testcase name="(/products-and-docs/widgets/countdown/) [3.3.4 Countdown widget "><error message="Could not instantiate class org.openqa.selenium.chrome.ChromeDriver" type="net.thucydides.core.webdriver.UnsupportedDriverException">Could not instantiate class org.openqa.selenium.chrome.ChromeDriver</error><system-err>Could not instantiate class org.openqa.selenium.chrome.ChromeDriver
com.tkmdpa.taf.steps.products_and_docs.PD_Widget_CountdownSteps.openPage(PD_Widget_CountdownSteps.java:20)
com.tkmdpa.taf.definitions.products_and_docs.PD_Widget_CountdownDefinition.openCountdownWidgetPage(PD_Widget_CountdownDefinition.java:17)
</system-err></testcase><testcase name="(/products-and-docs/widgets/countdown/) VISUAL TAB - Check Layout Orientations"><error message="Could not instantiate class org.openqa.selenium.chrome.ChromeDriver" type="net.thucydides.core.webdriver.UnsupportedDriverException">Could not instantiate class org.openqa.selenium.chrome.ChromeDriver</error><system-err>Could not instantiate class org.openqa.selenium.chrome.ChromeDriver
com.tkmdpa.taf.steps.products_and_docs.PD_Widget_CountdownSteps.openPage(PD_Widget_CountdownSteps.java:20)
com.tkmdpa.taf.definitions.products_and_docs.PD_Widget_CountdownDefinition.openCountdownWidgetPage(PD_Widget_CountdownDefinition.java:17)
</system-err></testcase><testcase name="(/products-and-docs/widgets/countdown/) Event message - Check event message for invalid API Key"><error message="Could not instantiate class org.openqa.selenium.chrome.ChromeDriver" type="net.thucydides.core.webdriver.UnsupportedDriverException">Could not instantiate class org.openqa.selenium.chrome.ChromeDriver</error><system-err>Could not instantiate class org.openqa.selenium.chrome.ChromeDriver
com.tkmdpa.taf.steps.products_and_docs.PD_Widget_CountdownSteps.openPage(PD_Widget_CountdownSteps.java:20)
com.tkmdpa.taf.definitions.products_and_docs.PD_Widget_CountdownDefinition.openCountdownWidgetPage(PD_Widget_CountdownDefinition.java:17)
</system-err></testcase><testcase name="(/products-and-docs/widgets/countdown/) Event message - Check event message for invalid Event ID"><error message="Could not instantiate class org.openqa.selenium.chrome.ChromeDriver" type="net.thucydides.core.webdriver.UnsupportedDriverException">Could not instantiate class org.openqa.selenium.chrome.ChromeDriver</error><system-err>Could not instantiate class org.openqa.selenium.chrome.ChromeDriver
com.tkmdpa.taf.steps.products_and_docs.PD_Widget_CountdownSteps.openPage(PD_Widget_CountdownSteps.java:20)
com.tkmdpa.taf.definitions.products_and_docs.PD_Widget_CountdownDefinition.openCountdownWidgetPage(PD_Widget_CountdownDefinition.java:17)
</system-err></testcase></testsuite>