<?xml version="1.0" encoding="UTF-8"?><testsuite errors="7" failures="0" name="PD  widgets" skipped="0" tests="7" time="9.47" timestamp="2017-12-361 12:38:18"><testcase name="(/products-and-docs/widgets/) Verification for general page's elements"><error message="Could not instantiate class org.openqa.selenium.chrome.ChromeDriver" type="net.thucydides.core.webdriver.UnsupportedDriverException">Could not instantiate class org.openqa.selenium.chrome.ChromeDriver</error><system-err>Could not instantiate class org.openqa.selenium.chrome.ChromeDriver
com.tkmdpa.taf.steps.products_and_docs.PD_WidgetsSteps.openPage(PD_WidgetsSteps.java:16)
com.tkmdpa.taf.definitions.products_and_docs.PD_WidgetsDefinition.openWidgetsPage(PD_WidgetsDefinition.java:22)
</system-err></testcase><testcase name="(/products-and-docs/widgets/) Verification for Direct Payment Button element"><error message="Could not instantiate class org.openqa.selenium.chrome.ChromeDriver" type="net.thucydides.core.webdriver.UnsupportedDriverException">Could not instantiate class org.openqa.selenium.chrome.ChromeDriver</error><system-err>Could not instantiate class org.openqa.selenium.chrome.ChromeDriver
com.tkmdpa.taf.steps.products_and_docs.PD_WidgetsSteps.openPage(PD_WidgetsSteps.java:16)
com.tkmdpa.taf.definitions.products_and_docs.PD_WidgetsDefinition.openWidgetsPage(PD_WidgetsDefinition.java:22)
</system-err></testcase><testcase name="(/products-and-docs/widgets/) Verification for all the page's links"><error message="Could not instantiate class org.openqa.selenium.chrome.ChromeDriver" type="net.thucydides.core.webdriver.UnsupportedDriverException">Could not instantiate class org.openqa.selenium.chrome.ChromeDriver</error><system-err>Could not instantiate class org.openqa.selenium.chrome.ChromeDriver
com.tkmdpa.taf.steps.products_and_docs.PD_WidgetsSteps.openPage(PD_WidgetsSteps.java:16)
com.tkmdpa.taf.definitions.products_and_docs.PD_WidgetsDefinition.openWidgetsPage(PD_WidgetsDefinition.java:22)
</system-err></testcase></testsuite>