<?xml version="1.0" encoding="UTF-8"?><testsuite errors="4" failures="0" name="PD  tutorials  widgets" skipped="0" tests="4" time="5.68" timestamp="2017-12-361 12:38:02"><testcase name="(/products-and-docs/tutorials/widgets/) Verification for general page's elements"><error message="Could not instantiate class org.openqa.selenium.chrome.ChromeDriver" type="net.thucydides.core.webdriver.UnsupportedDriverException">Could not instantiate class org.openqa.selenium.chrome.ChromeDriver</error><system-err>Could not instantiate class org.openqa.selenium.chrome.ChromeDriver
com.tkmdpa.taf.steps.products_and_docs.PD_Tutorials_WidgetsSteps.openPage(PD_Tutorials_WidgetsSteps.java:19)
com.tkmdpa.taf.definitions.products_and_docs.PD_Tutorials_WidgetsDefinition.openTutorialsWidgetsPage(PD_Tutorials_WidgetsDefinition.java:23)
</system-err></testcase><testcase name="(/products-and-docs/tutorials/widgets/) Verification for all the page's links"><error message="Could not instantiate class org.openqa.selenium.chrome.ChromeDriver" type="net.thucydides.core.webdriver.UnsupportedDriverException">Could not instantiate class org.openqa.selenium.chrome.ChromeDriver</error><system-err>Could not instantiate class org.openqa.selenium.chrome.ChromeDriver
com.tkmdpa.taf.steps.products_and_docs.PD_Tutorials_WidgetsSteps.openPage(PD_Tutorials_WidgetsSteps.java:19)
com.tkmdpa.taf.definitions.products_and_docs.PD_Tutorials_WidgetsDefinition.openTutorialsWidgetsPage(PD_Tutorials_WidgetsDefinition.java:23)
</system-err></testcase></testsuite>