<?xml version="1.0" encoding="UTF-8"?><testsuite errors="7" failures="0" name="PD  tutorials  event search" skipped="0" tests="7" time="10.82" timestamp="2017-12-361 12:37:49"><testcase name="(/products-and-docs/tutorials/events-search/) Verification for general page's elements"><error message="Could not instantiate class org.openqa.selenium.chrome.ChromeDriver" type="net.thucydides.core.webdriver.UnsupportedDriverException">Could not instantiate class org.openqa.selenium.chrome.ChromeDriver</error><system-err>Could not instantiate class org.openqa.selenium.chrome.ChromeDriver
com.tkmdpa.taf.steps.products_and_docs.PD_Tutorials_EventSearchSteps.openPage(PD_Tutorials_EventSearchSteps.java:16)
com.tkmdpa.taf.definitions.products_and_docs.PD_Tutorials_EventSearchDefinition.openTutorialsEventSearchPage(PD_Tutorials_EventSearchDefinition.java:22)
</system-err></testcase><testcase name="(/products-and-docs/tutorials/events-search/) Verification for all the page's links"><error message="Could not instantiate class org.openqa.selenium.chrome.ChromeDriver" type="net.thucydides.core.webdriver.UnsupportedDriverException">Could not instantiate class org.openqa.selenium.chrome.ChromeDriver</error><system-err>Could not instantiate class org.openqa.selenium.chrome.ChromeDriver
com.tkmdpa.taf.steps.products_and_docs.PD_Tutorials_EventSearchSteps.openPage(PD_Tutorials_EventSearchSteps.java:16)
com.tkmdpa.taf.definitions.products_and_docs.PD_Tutorials_EventSearchDefinition.openTutorialsEventSearchPage(PD_Tutorials_EventSearchDefinition.java:22)
</system-err></testcase></testsuite>